T=24.10C H=61.50%

T=24.00C H=62.00%

T=24.00C H=61.00%

T=24.00C H=59.50%

T=24.00C H=57.90%

T=24.00C H=56.60%

T=24.00C H=55.60%

T=24.00C H=55.00%

T=24.00C H=54.20%

T=24.00C H=53.70%

T=24.00C H=53.30%

T=24.00C H=53.00%

T=24.00C H=52.70%

T=23.90C H=52.50%

T=23.90C H=52.40%

=23.80C H=52.00%

T=23.80C H=52.00%

T=23.80C H=52.00%

T=23.80C H=52.10%

T=23.80C H=52.00%

T=23.80C H=52.00%

T=23.80C H=52.10%

T=23.80C H=52.10%

T=23.80C H=52.10%

T=23.80C H=52.1052.10%

T=23.80C H=52.10%

T=23.80C H=52.10%

T=23.80C H=52.10%

T=23.80C H=52.10%

T=23.70C H=52.00%

T=23.80C H=52.00%

T=23.80C H=52.10%

T=23.80C H=52.10%

T=23.70C H=52.20%

T=23.70C H=52.20%

T=23.70C H=52.20%

T=23.70C H=52.20%

T=23.70C H=52.20%

T=23.70C H=52.20%

T=23.70C H=52.20%

2026-01-03T11:47:23+01:00	
2026-01-03T11:50:12+01:00	ERROR: empty read from serial
2026-01-03T11:52:40+01:00	ERROR: empty read from serial
2026-01-03T11:54:00+01:00	ERROR: empty read from serial
T=22.80C H=59.80%

T=22.80C H=59.70%

T=22.80C H=59.70%

T=22.80C H=59.80%

2026-01-03T12:00:07+01:00	ERROR: empty read from serial
